Compiling build :dev to "resources/public/js/compiled/app.js" from ["src/cljs"]...
[31mFailed to compile build :dev from ["src/cljs"] in 0.587 seconds.[0m
[36m----  Exception    ----[0m

  [1mAssert failed: file:/home/koompi/projects/full-stack/src/cljs/full_stack/admin/dashboard.cljs does not provide a namespace
(first provides)[0m

[36m----  Exception Stack Trace  ----[0m

java.lang.AssertionError: Assert failed: file:/home/koompi/projects/full-stack/src/cljs/full_stack/admin/dashboard.cljs does not provide a namespace
(first provides)
 at cljs.closure$javascript_file.invokeStatic (closure.clj:475)
    cljs.closure$javascript_file.invoke (closure.clj:471)
    cljs.closure$map__GT_javascript_file.invokeStatic (closure.clj:480)
    cljs.closure$map__GT_javascript_file.invoke (closure.clj:478)
    cljs.closure$compiled_file.invokeStatic (closure.clj:547)
    cljs.closure$compiled_file.invoke (closure.clj:539)
    cljs.closure$compile_file.invokeStatic (closure.clj:573)
    cljs.closure$compile_file.invoke (closure.clj:564)
    cljs.closure$fn__5124.invokeStatic (closure.clj:653)
    cljs.closure/fn (closure.clj:647)
    cljs.closure$fn__5052$G__5045__5059.invoke (closure.clj:521)
    cljs.closure$compile_sources$iter__5250__5254$fn__5255.invoke (closure.clj:1011)
    clojure.lang.LazySeq.sval (LazySeq.java:40)
    clojure.lang.LazySeq.seq (LazySeq.java:49)
    clojure.lang.Cons.next (Cons.java:39)
    clojure.lang.RT.next (RT.java:688)
    clojure.core$next__4341.invokeStatic (core.clj:64)
    clojure.core$dorun.invokeStatic (core.clj:3033)
    clojure.core$doall.invokeStatic (core.clj:3039)
    clojure.core$doall.invoke (core.clj:3039)
    cljs.closure$compile_sources.invokeStatic (closure.clj:1007)
    cljs.closure$compile_sources.invoke (closure.clj:996)
    cljs.closure$build.invokeStatic (closure.clj:2817)
    cljs.closure$build.invoke (closure.clj:2718)
    cljs.build.api$build.invokeStatic (api.clj:208)
    cljs.build.api$build.invoke (api.clj:189)
    figwheel_sidecar.components.cljs_autobuild$cljs_build.invokeStatic (cljs_autobuild.clj:28)
    figwheel_sidecar.components.cljs_autobuild$cljs_build.invoke (cljs_autobuild.clj:27)
    figwheel_sidecar.build_middleware.injection$hook$fn__19564.invoke (injection.clj:94)
    figwheel_sidecar.components.cljs_autobuild$notify_command_hook$fn__19876.invoke (cljs_autobuild.clj:69)
    figwheel_sidecar.components.cljs_autobuild$figwheel_start_and_end_messages$fn__19866.invoke (cljs_autobuild.clj:48)
    figwheel_sidecar.build_middleware.notifications$hook$fn__19735.invoke (notifications.clj:179)
    figwheel_sidecar.build_middleware.clj_reloading$hook$fn__19792.invoke (clj_reloading.clj:111)
    figwheel_sidecar.build_middleware.javascript_reloading$hook$fn__19825.invoke (javascript_reloading.clj:48)
    figwheel_sidecar.components.cljs_autobuild$color_output$fn__19880.invoke (cljs_autobuild.clj:80)
    figwheel_sidecar.components.cljs_autobuild$execute_build$fn__19922.invoke (cljs_autobuild.clj:234)
    figwheel_sidecar.utils$sync_exec$fn__221$fn__222.invoke (utils.clj:13)
    figwheel_sidecar.utils$sync_exec$fn__221.invoke (utils.clj:12)
    clojure.core$binding_conveyor_fn$fn__4676.invoke (core.clj:1941)
    clojure.lang.AFn.applyToHelper (AFn.java:154)
    clojure.lang.RestFn.applyTo (RestFn.java:132)
    clojure.lang.Agent$Action.doRun (Agent.java:114)
    clojure.lang.Agent$Action.run (Agent.java:163)
    java.util.concurrent.ThreadPoolExecutor.runWorker (ThreadPoolExecutor.java:1149)
    java.util.concurrent.ThreadPoolExecutor$Worker.run (ThreadPoolExecutor.java:624)
    java.lang.Thread.run (Thread.java:748)

Compiling build :dev to "resources/public/js/compiled/app.js" from ["src/cljs"]...
[31mFailed to compile build :dev from ["src/cljs"] in 0.56 seconds.[0m
[36m----  Exception    ----[0m

  [1mAssert failed: file:/home/koompi/projects/full-stack/src/cljs/full_stack/admin/footer.cljs does not provide a namespace
(first provides)[0m

[36m----  Exception Stack Trace  ----[0m

java.lang.AssertionError: Assert failed: file:/home/koompi/projects/full-stack/src/cljs/full_stack/admin/footer.cljs does not provide a namespace
(first provides)
 at cljs.closure$javascript_file.invokeStatic (closure.clj:475)
    cljs.closure$javascript_file.invoke (closure.clj:471)
    cljs.closure$map__GT_javascript_file.invokeStatic (closure.clj:480)
    cljs.closure$map__GT_javascript_file.invoke (closure.clj:478)
    cljs.closure$compiled_file.invokeStatic (closure.clj:547)
    cljs.closure$compiled_file.invoke (closure.clj:539)
    cljs.closure$compile_file.invokeStatic (closure.clj:573)
    cljs.closure$compile_file.invoke (closure.clj:564)
    cljs.closure$fn__5124.invokeStatic (closure.clj:653)
    cljs.closure/fn (closure.clj:647)
    cljs.closure$fn__5052$G__5045__5059.invoke (closure.clj:521)
    cljs.closure$compile_sources$iter__5250__5254$fn__5255.invoke (closure.clj:1011)
    clojure.lang.LazySeq.sval (LazySeq.java:40)
    clojure.lang.LazySeq.seq (LazySeq.java:49)
    clojure.lang.Cons.next (Cons.java:39)
    clojure.lang.RT.next (RT.java:688)
    clojure.core$next__4341.invokeStatic (core.clj:64)
    clojure.core$dorun.invokeStatic (core.clj:3033)
    clojure.core$doall.invokeStatic (core.clj:3039)
    clojure.core$doall.invoke (core.clj:3039)
    cljs.closure$compile_sources.invokeStatic (closure.clj:1007)
    cljs.closure$compile_sources.invoke (closure.clj:996)
    cljs.closure$build.invokeStatic (closure.clj:2817)
    cljs.closure$build.invoke (closure.clj:2718)
    cljs.build.api$build.invokeStatic (api.clj:208)
    cljs.build.api$build.invoke (api.clj:189)
    figwheel_sidecar.components.cljs_autobuild$cljs_build.invokeStatic (cljs_autobuild.clj:28)
    figwheel_sidecar.components.cljs_autobuild$cljs_build.invoke (cljs_autobuild.clj:27)
    figwheel_sidecar.build_middleware.injection$hook$fn__19564.invoke (injection.clj:94)
    figwheel_sidecar.components.cljs_autobuild$notify_command_hook$fn__19876.invoke (cljs_autobuild.clj:69)
    figwheel_sidecar.components.cljs_autobuild$figwheel_start_and_end_messages$fn__19866.invoke (cljs_autobuild.clj:48)
    figwheel_sidecar.build_middleware.notifications$hook$fn__19735.invoke (notifications.clj:179)
    figwheel_sidecar.build_middleware.clj_reloading$hook$fn__19792.invoke (clj_reloading.clj:111)
    figwheel_sidecar.build_middleware.javascript_reloading$hook$fn__19825.invoke (javascript_reloading.clj:48)
    figwheel_sidecar.components.cljs_autobuild$color_output$fn__19880.invoke (cljs_autobuild.clj:80)
    figwheel_sidecar.components.cljs_autobuild$execute_build$fn__19922.invoke (cljs_autobuild.clj:234)
    figwheel_sidecar.utils$sync_exec$fn__221$fn__222.invoke (utils.clj:13)
    figwheel_sidecar.utils$sync_exec$fn__221.invoke (utils.clj:12)
    clojure.core$binding_conveyor_fn$fn__4676.invoke (core.clj:1941)
    clojure.lang.AFn.applyToHelper (AFn.java:154)
    clojure.lang.RestFn.applyTo (RestFn.java:132)
    clojure.lang.Agent$Action.doRun (Agent.java:114)
    clojure.lang.Agent$Action.run (Agent.java:163)
    java.util.concurrent.ThreadPoolExecutor.runWorker (ThreadPoolExecutor.java:1149)
    java.util.concurrent.ThreadPoolExecutor$Worker.run (ThreadPoolExecutor.java:624)
    java.lang.Thread.run (Thread.java:748)

Compiling build :dev to "resources/public/js/compiled/app.js" from ["src/cljs"]...
[31mFailed to compile build :dev from ["src/cljs"] in 0.646 seconds.[0m
[36m----  Exception    ----[0m

  [1mAssert failed: file:/home/koompi/projects/full-stack/src/cljs/full_stack/admin/leftNavbar.cljs does not provide a namespace
(first provides)[0m

[36m----  Exception Stack Trace  ----[0m

java.lang.AssertionError: Assert failed: file:/home/koompi/projects/full-stack/src/cljs/full_stack/admin/leftNavbar.cljs does not provide a namespace
(first provides)
 at cljs.closure$javascript_file.invokeStatic (closure.clj:475)
    cljs.closure$javascript_file.invoke (closure.clj:471)
    cljs.closure$map__GT_javascript_file.invokeStatic (closure.clj:480)
    cljs.closure$map__GT_javascript_file.invoke (closure.clj:478)
    cljs.closure$compiled_file.invokeStatic (closure.clj:547)
    cljs.closure$compiled_file.invoke (closure.clj:539)
    cljs.closure$compile_file.invokeStatic (closure.clj:573)
    cljs.closure$compile_file.invoke (closure.clj:564)
    cljs.closure$fn__5124.invokeStatic (closure.clj:653)
    cljs.closure/fn (closure.clj:647)
    cljs.closure$fn__5052$G__5045__5059.invoke (closure.clj:521)
    cljs.closure$compile_sources$iter__5250__5254$fn__5255.invoke (closure.clj:1011)
    clojure.lang.LazySeq.sval (LazySeq.java:40)
    clojure.lang.LazySeq.seq (LazySeq.java:49)
    clojure.lang.Cons.next (Cons.java:39)
    clojure.lang.RT.next (RT.java:688)
    clojure.core$next__4341.invokeStatic (core.clj:64)
    clojure.core$dorun.invokeStatic (core.clj:3033)
    clojure.core$doall.invokeStatic (core.clj:3039)
    clojure.core$doall.invoke (core.clj:3039)
    cljs.closure$compile_sources.invokeStatic (closure.clj:1007)
    cljs.closure$compile_sources.invoke (closure.clj:996)
    cljs.closure$build.invokeStatic (closure.clj:2817)
    cljs.closure$build.invoke (closure.clj:2718)
    cljs.build.api$build.invokeStatic (api.clj:208)
    cljs.build.api$build.invoke (api.clj:189)
    figwheel_sidecar.components.cljs_autobuild$cljs_build.invokeStatic (cljs_autobuild.clj:28)
    figwheel_sidecar.components.cljs_autobuild$cljs_build.invoke (cljs_autobuild.clj:27)
    figwheel_sidecar.build_middleware.injection$hook$fn__19564.invoke (injection.clj:94)
    figwheel_sidecar.components.cljs_autobuild$notify_command_hook$fn__19876.invoke (cljs_autobuild.clj:69)
    figwheel_sidecar.components.cljs_autobuild$figwheel_start_and_end_messages$fn__19866.invoke (cljs_autobuild.clj:48)
    figwheel_sidecar.build_middleware.notifications$hook$fn__19735.invoke (notifications.clj:179)
    figwheel_sidecar.build_middleware.clj_reloading$hook$fn__19792.invoke (clj_reloading.clj:111)
    figwheel_sidecar.build_middleware.javascript_reloading$hook$fn__19825.invoke (javascript_reloading.clj:48)
    figwheel_sidecar.components.cljs_autobuild$color_output$fn__19880.invoke (cljs_autobuild.clj:80)
    figwheel_sidecar.components.cljs_autobuild$execute_build$fn__19922.invoke (cljs_autobuild.clj:234)
    figwheel_sidecar.utils$sync_exec$fn__221$fn__222.invoke (utils.clj:13)
    figwheel_sidecar.utils$sync_exec$fn__221.invoke (utils.clj:12)
    clojure.core$binding_conveyor_fn$fn__4676.invoke (core.clj:1941)
    clojure.lang.AFn.applyToHelper (AFn.java:154)
    clojure.lang.RestFn.applyTo (RestFn.java:132)
    clojure.lang.Agent$Action.doRun (Agent.java:114)
    clojure.lang.Agent$Action.run (Agent.java:163)
    java.util.concurrent.ThreadPoolExecutor.runWorker (ThreadPoolExecutor.java:1149)
    java.util.concurrent.ThreadPoolExecutor$Worker.run (ThreadPoolExecutor.java:624)
    java.lang.Thread.run (Thread.java:748)

Compiling build :dev to "resources/public/js/compiled/app.js" from ["src/cljs"]...
[31mFailed to compile build :dev from ["src/cljs"] in 0.682 seconds.[0m
[36m----  Exception    ----[0m

  [1mAssert failed: file:/home/koompi/projects/full-stack/src/cljs/full_stack/admin/rightNavbar.cljs does not provide a namespace
(first provides)[0m

[36m----  Exception Stack Trace  ----[0m

java.lang.AssertionError: Assert failed: file:/home/koompi/projects/full-stack/src/cljs/full_stack/admin/rightNavbar.cljs does not provide a namespace
(first provides)
 at cljs.closure$javascript_file.invokeStatic (closure.clj:475)
    cljs.closure$javascript_file.invoke (closure.clj:471)
    cljs.closure$map__GT_javascript_file.invokeStatic (closure.clj:480)
    cljs.closure$map__GT_javascript_file.invoke (closure.clj:478)
    cljs.closure$compiled_file.invokeStatic (closure.clj:547)
    cljs.closure$compiled_file.invoke (closure.clj:539)
    cljs.closure$compile_file.invokeStatic (closure.clj:573)
    cljs.closure$compile_file.invoke (closure.clj:564)
    cljs.closure$fn__5124.invokeStatic (closure.clj:653)
    cljs.closure/fn (closure.clj:647)
    cljs.closure$fn__5052$G__5045__5059.invoke (closure.clj:521)
    cljs.closure$compile_sources$iter__5250__5254$fn__5255.invoke (closure.clj:1011)
    clojure.lang.LazySeq.sval (LazySeq.java:40)
    clojure.lang.LazySeq.seq (LazySeq.java:49)
    clojure.lang.Cons.next (Cons.java:39)
    clojure.lang.RT.next (RT.java:688)
    clojure.core$next__4341.invokeStatic (core.clj:64)
    clojure.core$dorun.invokeStatic (core.clj:3033)
    clojure.core$doall.invokeStatic (core.clj:3039)
    clojure.core$doall.invoke (core.clj:3039)
    cljs.closure$compile_sources.invokeStatic (closure.clj:1007)
    cljs.closure$compile_sources.invoke (closure.clj:996)
    cljs.closure$build.invokeStatic (closure.clj:2817)
    cljs.closure$build.invoke (closure.clj:2718)
    cljs.build.api$build.invokeStatic (api.clj:208)
    cljs.build.api$build.invoke (api.clj:189)
    figwheel_sidecar.components.cljs_autobuild$cljs_build.invokeStatic (cljs_autobuild.clj:28)
    figwheel_sidecar.components.cljs_autobuild$cljs_build.invoke (cljs_autobuild.clj:27)
    figwheel_sidecar.build_middleware.injection$hook$fn__19564.invoke (injection.clj:94)
    figwheel_sidecar.components.cljs_autobuild$notify_command_hook$fn__19876.invoke (cljs_autobuild.clj:69)
    figwheel_sidecar.components.cljs_autobuild$figwheel_start_and_end_messages$fn__19866.invoke (cljs_autobuild.clj:48)
    figwheel_sidecar.build_middleware.notifications$hook$fn__19735.invoke (notifications.clj:179)
    figwheel_sidecar.build_middleware.clj_reloading$hook$fn__19792.invoke (clj_reloading.clj:111)
    figwheel_sidecar.build_middleware.javascript_reloading$hook$fn__19825.invoke (javascript_reloading.clj:48)
    figwheel_sidecar.components.cljs_autobuild$color_output$fn__19880.invoke (cljs_autobuild.clj:80)
    figwheel_sidecar.components.cljs_autobuild$execute_build$fn__19922.invoke (cljs_autobuild.clj:234)
    figwheel_sidecar.utils$sync_exec$fn__221$fn__222.invoke (utils.clj:13)
    figwheel_sidecar.utils$sync_exec$fn__221.invoke (utils.clj:12)
    clojure.core$binding_conveyor_fn$fn__4676.invoke (core.clj:1941)
    clojure.lang.AFn.applyToHelper (AFn.java:154)
    clojure.lang.RestFn.applyTo (RestFn.java:132)
    clojure.lang.Agent$Action.doRun (Agent.java:114)
    clojure.lang.Agent$Action.run (Agent.java:163)
    java.util.concurrent.ThreadPoolExecutor.runWorker (ThreadPoolExecutor.java:1149)
    java.util.concurrent.ThreadPoolExecutor$Worker.run (ThreadPoolExecutor.java:624)
    java.lang.Thread.run (Thread.java:748)

Compiling build :dev to "resources/public/js/compiled/app.js" from ["src/cljs"]...
[31mFailed to compile build :dev from ["src/cljs"] in 0.64 seconds.[0m
[36m----  Could not Analyze  src/cljs/full_stack/admin/leftNavbar.cljs  ----[0m

  [1mNo such namespace: koompi.admin.verify-token, could not locate koompi/admin/verify_token.cljs, koompi/admin/verify_token.cljc, or JavaScript source providing "koompi.admin.verify-token" [0m

[36m----  Analysis Error : Please see src/cljs/full_stack/admin/leftNavbar.cljs  ----[0m
Compiling build :dev to "resources/public/js/compiled/app.js" from ["src/cljs"]...
[31mFailed to compile build :dev from ["src/cljs"] in 0.698 seconds.[0m
[36m----  Could not Analyze  src/cljs/full_stack/admin/leftNavbar.cljs  ----[0m

  [1mNo such namespace: koompi.admin.verify-token, could not locate koompi/admin/verify_token.cljs, koompi/admin/verify_token.cljc, or JavaScript source providing "koompi.admin.verify-token" [0m

[36m----  Analysis Error : Please see src/cljs/full_stack/admin/leftNavbar.cljs  ----[0m
Compiling build :dev to "resources/public/js/compiled/app.js" from ["src/cljs"]...
[31mFailed to compile build :dev from ["src/cljs"] in 0.561 seconds.[0m
[36m----  Exception    ----[0m

  [1mAssert failed: file:/home/koompi/projects/full-stack/src/cljs/full_stack/admin/components/footer.cljs does not provide a namespace
(first provides)[0m

[36m----  Exception Stack Trace  ----[0m

java.lang.AssertionError: Assert failed: file:/home/koompi/projects/full-stack/src/cljs/full_stack/admin/components/footer.cljs does not provide a namespace
(first provides)
 at cljs.closure$javascript_file.invokeStatic (closure.clj:475)
    cljs.closure$javascript_file.invoke (closure.clj:471)
    cljs.closure$map__GT_javascript_file.invokeStatic (closure.clj:480)
    cljs.closure$map__GT_javascript_file.invoke (closure.clj:478)
    cljs.closure$compiled_file.invokeStatic (closure.clj:547)
    cljs.closure$compiled_file.invoke (closure.clj:539)
    cljs.closure$compile_file.invokeStatic (closure.clj:573)
    cljs.closure$compile_file.invoke (closure.clj:564)
    cljs.closure$fn__5124.invokeStatic (closure.clj:653)
    cljs.closure/fn (closure.clj:647)
    cljs.closure$fn__5052$G__5045__5059.invoke (closure.clj:521)
    cljs.closure$compile_sources$iter__5250__5254$fn__5255.invoke (closure.clj:1011)
    clojure.lang.LazySeq.sval (LazySeq.java:40)
    clojure.lang.LazySeq.seq (LazySeq.java:49)
    clojure.lang.Cons.next (Cons.java:39)
    clojure.lang.RT.next (RT.java:688)
    clojure.core$next__4341.invokeStatic (core.clj:64)
    clojure.core$dorun.invokeStatic (core.clj:3033)
    clojure.core$doall.invokeStatic (core.clj:3039)
    clojure.core$doall.invoke (core.clj:3039)
    cljs.closure$compile_sources.invokeStatic (closure.clj:1007)
    cljs.closure$compile_sources.invoke (closure.clj:996)
    cljs.closure$build.invokeStatic (closure.clj:2817)
    cljs.closure$build.invoke (closure.clj:2718)
    cljs.build.api$build.invokeStatic (api.clj:208)
    cljs.build.api$build.invoke (api.clj:189)
    figwheel_sidecar.components.cljs_autobuild$cljs_build.invokeStatic (cljs_autobuild.clj:28)
    figwheel_sidecar.components.cljs_autobuild$cljs_build.invoke (cljs_autobuild.clj:27)
    figwheel_sidecar.build_middleware.injection$hook$fn__19564.invoke (injection.clj:94)
    figwheel_sidecar.components.cljs_autobuild$notify_command_hook$fn__19876.invoke (cljs_autobuild.clj:69)
    figwheel_sidecar.components.cljs_autobuild$figwheel_start_and_end_messages$fn__19866.invoke (cljs_autobuild.clj:48)
    figwheel_sidecar.build_middleware.notifications$hook$fn__19735.invoke (notifications.clj:179)
    figwheel_sidecar.build_middleware.clj_reloading$hook$fn__19792.invoke (clj_reloading.clj:111)
    figwheel_sidecar.build_middleware.javascript_reloading$hook$fn__19825.invoke (javascript_reloading.clj:48)
    figwheel_sidecar.components.cljs_autobuild$color_output$fn__19880.invoke (cljs_autobuild.clj:80)
    figwheel_sidecar.components.cljs_autobuild$execute_build$fn__19922.invoke (cljs_autobuild.clj:234)
    figwheel_sidecar.utils$sync_exec$fn__221$fn__222.invoke (utils.clj:13)
    figwheel_sidecar.utils$sync_exec$fn__221.invoke (utils.clj:12)
    clojure.core$binding_conveyor_fn$fn__4676.invoke (core.clj:1941)
    clojure.lang.AFn.applyToHelper (AFn.java:154)
    clojure.lang.RestFn.applyTo (RestFn.java:132)
    clojure.lang.Agent$Action.doRun (Agent.java:114)
    clojure.lang.Agent$Action.run (Agent.java:163)
    java.util.concurrent.ThreadPoolExecutor.runWorker (ThreadPoolExecutor.java:1149)
    java.util.concurrent.ThreadPoolExecutor$Worker.run (ThreadPoolExecutor.java:624)
    java.lang.Thread.run (Thread.java:748)

Compiling build :dev to "resources/public/js/compiled/app.js" from ["src/cljs"]...
[31mFailed to compile build :dev from ["src/cljs"] in 0.529 seconds.[0m
[36m----  Could not Analyze  src/cljs/full_stack/admin/components/leftNavbar.cljs  ----[0m

  [1mNo such namespace: koompi.admin.verify-token, could not locate koompi/admin/verify_token.cljs, koompi/admin/verify_token.cljc, or JavaScript source providing "koompi.admin.verify-token" [0m

[36m----  Analysis Error : Please see src/cljs/full_stack/admin/components/leftNavbar.cljs  ----[0m
Compiling build :dev to "resources/public/js/compiled/app.js" from ["src/cljs"]...
[31mFailed to compile build :dev from ["src/cljs"] in 0.549 seconds.[0m
[36m----  Could not Analyze  src/cljs/full_stack/admin/components/leftNavbar.cljs  ----[0m

  [1mNo such namespace: koompi.admin.verify-token, could not locate koompi/admin/verify_token.cljs, koompi/admin/verify_token.cljc, or JavaScript source providing "koompi.admin.verify-token" [0m

[36m----  Analysis Error : Please see src/cljs/full_stack/admin/components/leftNavbar.cljs  ----[0m
Compiling build :dev to "resources/public/js/compiled/app.js" from ["src/cljs"]...
[31mFailed to compile build :dev from ["src/cljs"] in 0.624 seconds.[0m
[36m----  Could not Analyze  src/cljs/full_stack/admin/components/leftNavbar.cljs  ----[0m

  [1mNo such namespace: koompi.admin.verify-token, could not locate koompi/admin/verify_token.cljs, koompi/admin/verify_token.cljc, or JavaScript source providing "koompi.admin.verify-token" [0m

[36m----  Analysis Error : Please see src/cljs/full_stack/admin/components/leftNavbar.cljs  ----[0m
Compiling build :dev to "resources/public/js/compiled/app.js" from ["src/cljs"]...
[31mFailed to compile build :dev from ["src/cljs"] in 0.644 seconds.[0m
[36m----  Could not Analyze  src/cljs/full_stack/admin/components/leftNavbar.cljs  ----[0m

  [1mNo such namespace: koompi.admin.verify-token, could not locate koompi/admin/verify_token.cljs, koompi/admin/verify_token.cljc, or JavaScript source providing "koompi.admin.verify-token" [0m

[36m----  Analysis Error : Please see src/cljs/full_stack/admin/components/leftNavbar.cljs  ----[0m
Compiling build :dev to "resources/public/js/compiled/app.js" from ["src/cljs"]...
[31mFailed to compile build :dev from ["src/cljs"] in 0.594 seconds.[0m
[36m----  Could not Analyze  src/cljs/full_stack/admin/components/leftNavbar.cljs  ----[0m

  [1mNo such namespace: koompi.admin.verify-token, could not locate koompi/admin/verify_token.cljs, koompi/admin/verify_token.cljc, or JavaScript source providing "koompi.admin.verify-token" [0m

[36m----  Analysis Error : Please see src/cljs/full_stack/admin/components/leftNavbar.cljs  ----[0m
Compiling build :dev to "resources/public/js/compiled/app.js" from ["src/cljs"]...
[31mFailed to compile build :dev from ["src/cljs"] in 0.683 seconds.[0m
[36m----  Could not Analyze  src/cljs/full_stack/admin/components/leftNavbar.cljs  ----[0m

  [1mNo such namespace: koompi.admin.verify-token, could not locate koompi/admin/verify_token.cljs, koompi/admin/verify_token.cljc, or JavaScript source providing "koompi.admin.verify-token" [0m

[36m----  Analysis Error : Please see src/cljs/full_stack/admin/components/leftNavbar.cljs  ----[0m
Compiling build :dev to "resources/public/js/compiled/app.js" from ["src/cljs"]...
[31mFailed to compile build :dev from ["src/cljs"] in 0.612 seconds.[0m
[36m----  Could not Analyze  src/cljs/full_stack/admin/components/leftNavbar.cljs  ----[0m

  [1mNo such namespace: koompi.admin.verify-token, could not locate koompi/admin/verify_token.cljs, koompi/admin/verify_token.cljc, or JavaScript source providing "koompi.admin.verify-token" [0m

[36m----  Analysis Error : Please see src/cljs/full_stack/admin/components/leftNavbar.cljs  ----[0m
Compiling build :dev to "resources/public/js/compiled/app.js" from ["src/cljs"]...
[31mFailed to compile build :dev from ["src/cljs"] in 0.581 seconds.[0m
[36m----  Could not Analyze  src/cljs/full_stack/admin/components/leftNavbar.cljs  ----[0m

  [1mNo such namespace: koompi.admin.verify-token, could not locate koompi/admin/verify_token.cljs, koompi/admin/verify_token.cljc, or JavaScript source providing "koompi.admin.verify-token" [0m

[36m----  Analysis Error : Please see src/cljs/full_stack/admin/components/leftNavbar.cljs  ----[0m
Compiling build :dev to "resources/public/js/compiled/app.js" from ["src/cljs"]...
[31mFailed to compile build :dev from ["src/cljs"] in 0.705 seconds.[0m
[36m----  Could not Analyze  src/cljs/full_stack/admin/dashboard.cljs  ----[0m

  [1mNo such namespace: ajax.core, could not locate ajax/core.cljs, ajax/core.cljc, or JavaScript source providing "ajax.core" [0m

[36m----  Analysis Error : Please see src/cljs/full_stack/admin/dashboard.cljs  ----[0m
Compiling build :dev to "resources/public/js/compiled/app.js" from ["src/cljs"]...
[31mFailed to compile build :dev from ["src/cljs"] in 0.729 seconds.[0m
[36m----  Could not Analyze  src/cljs/full_stack/admin/dashboard.cljs  ----[0m

  [1mNo such namespace: ajax.core, could not locate ajax/core.cljs, ajax/core.cljc, or JavaScript source providing "ajax.core" [0m

[36m----  Analysis Error : Please see src/cljs/full_stack/admin/dashboard.cljs  ----[0m
Compiling build :dev to "resources/public/js/compiled/app.js" from ["src/cljs"]...
[31mFailed to compile build :dev from ["src/cljs"] in 0.681 seconds.[0m
[36m----  Could not Analyze  src/cljs/full_stack/admin/dashboard.cljs  ----[0m

  [1mNo such namespace: ajax.core, could not locate ajax/core.cljs, ajax/core.cljc, or JavaScript source providing "ajax.core" [0m

[36m----  Analysis Error : Please see src/cljs/full_stack/admin/dashboard.cljs  ----[0m
Compiling build :dev to "resources/public/js/compiled/app.js" from ["src/cljs"]...
[31mFailed to compile build :dev from ["src/cljs"] in 0.615 seconds.[0m
[36m----  Could not Analyze  src/cljs/full_stack/admin/dashboard.cljs  ----[0m

  [1mNo such namespace: ajax.core, could not locate ajax/core.cljs, ajax/core.cljc, or JavaScript source providing "ajax.core" [0m

[36m----  Analysis Error : Please see src/cljs/full_stack/admin/dashboard.cljs  ----[0m
Compiling build :dev to "resources/public/js/compiled/app.js" from ["src/cljs"]...
[31mFailed to compile build :dev from ["src/cljs"] in 0.665 seconds.[0m
[36m----  Could not Analyze  src/cljs/full_stack/admin/dashboard.cljs  ----[0m

  [1mNo such namespace: ajax.core, could not locate ajax/core.cljs, ajax/core.cljc, or JavaScript source providing "ajax.core" [0m

[36m----  Analysis Error : Please see src/cljs/full_stack/admin/dashboard.cljs  ----[0m
Compiling build :dev to "resources/public/js/compiled/app.js" from ["src/cljs"]...
[31mFailed to compile build :dev from ["src/cljs"] in 0.605 seconds.[0m
[36m----  Could not Analyze  src/cljs/full_stack/admin/dashboard.cljs  ----[0m

  [1mNo such namespace: ajax.core, could not locate ajax/core.cljs, ajax/core.cljc, or JavaScript source providing "ajax.core" [0m

[36m----  Analysis Error : Please see src/cljs/full_stack/admin/dashboard.cljs  ----[0m
Compiling build :dev to "resources/public/js/compiled/app.js" from ["src/cljs"]...
[31mFailed to compile build :dev from ["src/cljs"] in 0.655 seconds.[0m
[36m----  Could not Analyze  src/cljs/full_stack/admin/dashboard.cljs  ----[0m

  [1mNo such namespace: ajax.core, could not locate ajax/core.cljs, ajax/core.cljc, or JavaScript source providing "ajax.core" [0m

[36m----  Analysis Error : Please see src/cljs/full_stack/admin/dashboard.cljs  ----[0m
Compiling build :dev to "resources/public/js/compiled/app.js" from ["src/cljs"]...
[31mFailed to compile build :dev from ["src/cljs"] in 0.586 seconds.[0m
[36m----  Could not Analyze  src/cljs/full_stack/admin/dashboard.cljs  ----[0m

  [1mNo such namespace: ajax.core, could not locate ajax/core.cljs, ajax/core.cljc, or JavaScript source providing "ajax.core" [0m

[36m----  Analysis Error : Please see src/cljs/full_stack/admin/dashboard.cljs  ----[0m
Compiling build :dev to "resources/public/js/compiled/app.js" from ["src/cljs"]...
[31mFailed to compile build :dev from ["src/cljs"] in 0.606 seconds.[0m
[36m----  Could not Analyze  src/cljs/full_stack/admin/dashboard.cljs  ----[0m

  [1mNo such namespace: ajax.core, could not locate ajax/core.cljs, ajax/core.cljc, or JavaScript source providing "ajax.core" [0m

[36m----  Analysis Error : Please see src/cljs/full_stack/admin/dashboard.cljs  ----[0m
Compiling build :dev to "resources/public/js/compiled/app.js" from ["src/cljs"]...
[31mFailed to compile build :dev from ["src/cljs"] in 0.669 seconds.[0m
[36m----  Could not Analyze  src/cljs/full_stack/admin/dashboard.cljs  ----[0m

  [1mNo such namespace: ajax.core, could not locate ajax/core.cljs, ajax/core.cljc, or JavaScript source providing "ajax.core" [0m

[36m----  Analysis Error : Please see src/cljs/full_stack/admin/dashboard.cljs  ----[0m
Compiling build :dev to "resources/public/js/compiled/app.js" from ["src/cljs"]...
[31mFailed to compile build :dev from ["src/cljs"] in 0.622 seconds.[0m
[36m----  Could not Analyze  src/cljs/full_stack/admin/dashboard.cljs  ----[0m

  [1mNo such namespace: ajax.core, could not locate ajax/core.cljs, ajax/core.cljc, or JavaScript source providing "ajax.core" [0m

[36m----  Analysis Error : Please see src/cljs/full_stack/admin/dashboard.cljs  ----[0m
Compiling build :dev to "resources/public/js/compiled/app.js" from ["src/cljs"]...
[31mFailed to compile build :dev from ["src/cljs"] in 0.643 seconds.[0m
[36m----  Could not Analyze  src/cljs/full_stack/admin/dashboard.cljs  ----[0m

  [1mNo such namespace: ajax.core, could not locate ajax/core.cljs, ajax/core.cljc, or JavaScript source providing "ajax.core" [0m

[36m----  Analysis Error : Please see src/cljs/full_stack/admin/dashboard.cljs  ----[0m
Compiling build :dev to "resources/public/js/compiled/app.js" from ["src/cljs"]...
[31mFailed to compile build :dev from ["src/cljs"] in 0.567 seconds.[0m
[36m----  Could not Analyze  src/cljs/full_stack/admin/dashboard.cljs  ----[0m

  [1mNo such namespace: ajax.core, could not locate ajax/core.cljs, ajax/core.cljc, or JavaScript source providing "ajax.core" [0m

[36m----  Analysis Error : Please see src/cljs/full_stack/admin/dashboard.cljs  ----[0m
Compiling build :dev to "resources/public/js/compiled/app.js" from ["src/cljs"]...
[31mFailed to compile build :dev from ["src/cljs"] in 0.61 seconds.[0m
[36m----  Could not Analyze  src/cljs/full_stack/admin/dashboard.cljs  ----[0m

  [1mNo such namespace: ajax.core, could not locate ajax/core.cljs, ajax/core.cljc, or JavaScript source providing "ajax.core" [0m

[36m----  Analysis Error : Please see src/cljs/full_stack/admin/dashboard.cljs  ----[0m
Compiling build :dev to "resources/public/js/compiled/app.js" from ["src/cljs"]...
[31mFailed to compile build :dev from ["src/cljs"] in 0.598 seconds.[0m
[36m----  Could not Analyze  src/cljs/full_stack/admin/dashboard.cljs  ----[0m

  [1mNo such namespace: ajax.core, could not locate ajax/core.cljs, ajax/core.cljc, or JavaScript source providing "ajax.core" [0m

[36m----  Analysis Error : Please see src/cljs/full_stack/admin/dashboard.cljs  ----[0m
Compiling build :dev to "resources/public/js/compiled/app.js" from ["src/cljs"]...
[31mFailed to compile build :dev from ["src/cljs"] in 0.597 seconds.[0m
[36m----  Exception    ----[0m

  [1mAssert failed: file:/home/koompi/projects/full-stack/src/cljs/full_stack/admin/dashboard.cljs does not provide a namespace
(first provides)[0m

[36m----  Exception Stack Trace  ----[0m

java.lang.AssertionError: Assert failed: file:/home/koompi/projects/full-stack/src/cljs/full_stack/admin/dashboard.cljs does not provide a namespace
(first provides)
 at cljs.closure$javascript_file.invokeStatic (closure.clj:475)
    cljs.closure$javascript_file.invoke (closure.clj:471)
    cljs.closure$map__GT_javascript_file.invokeStatic (closure.clj:480)
    cljs.closure$map__GT_javascript_file.invoke (closure.clj:478)
    cljs.closure$compiled_file.invokeStatic (closure.clj:547)
    cljs.closure$compiled_file.invoke (closure.clj:539)
    cljs.closure$compile_file.invokeStatic (closure.clj:573)
    cljs.closure$compile_file.invoke (closure.clj:564)
    cljs.closure$fn__5124.invokeStatic (closure.clj:653)
    cljs.closure/fn (closure.clj:647)
    cljs.closure$fn__5052$G__5045__5059.invoke (closure.clj:521)
    cljs.closure$compile_sources$iter__5250__5254$fn__5255.invoke (closure.clj:1011)
    clojure.lang.LazySeq.sval (LazySeq.java:40)
    clojure.lang.LazySeq.seq (LazySeq.java:49)
    clojure.lang.Cons.next (Cons.java:39)
    clojure.lang.RT.next (RT.java:688)
    clojure.core$next__4341.invokeStatic (core.clj:64)
    clojure.core$dorun.invokeStatic (core.clj:3033)
    clojure.core$doall.invokeStatic (core.clj:3039)
    clojure.core$doall.invoke (core.clj:3039)
    cljs.closure$compile_sources.invokeStatic (closure.clj:1007)
    cljs.closure$compile_sources.invoke (closure.clj:996)
    cljs.closure$build.invokeStatic (closure.clj:2817)
    cljs.closure$build.invoke (closure.clj:2718)
    cljs.build.api$build.invokeStatic (api.clj:208)
    cljs.build.api$build.invoke (api.clj:189)
    figwheel_sidecar.components.cljs_autobuild$cljs_build.invokeStatic (cljs_autobuild.clj:28)
    figwheel_sidecar.components.cljs_autobuild$cljs_build.invoke (cljs_autobuild.clj:27)
    figwheel_sidecar.build_middleware.injection$hook$fn__19567.invoke (injection.clj:94)
    figwheel_sidecar.components.cljs_autobuild$notify_command_hook$fn__19879.invoke (cljs_autobuild.clj:69)
    figwheel_sidecar.components.cljs_autobuild$figwheel_start_and_end_messages$fn__19869.invoke (cljs_autobuild.clj:48)
    figwheel_sidecar.build_middleware.notifications$hook$fn__19738.invoke (notifications.clj:179)
    figwheel_sidecar.build_middleware.clj_reloading$hook$fn__19795.invoke (clj_reloading.clj:111)
    figwheel_sidecar.build_middleware.javascript_reloading$hook$fn__19828.invoke (javascript_reloading.clj:48)
    figwheel_sidecar.components.cljs_autobuild$color_output$fn__19883.invoke (cljs_autobuild.clj:80)
    figwheel_sidecar.components.cljs_autobuild$execute_build$fn__19925.invoke (cljs_autobuild.clj:234)
    figwheel_sidecar.utils$sync_exec$fn__221$fn__222.invoke (utils.clj:13)
    figwheel_sidecar.utils$sync_exec$fn__221.invoke (utils.clj:12)
    clojure.core$binding_conveyor_fn$fn__4676.invoke (core.clj:1941)
    clojure.lang.AFn.applyToHelper (AFn.java:154)
    clojure.lang.RestFn.applyTo (RestFn.java:132)
    clojure.lang.Agent$Action.doRun (Agent.java:114)
    clojure.lang.Agent$Action.run (Agent.java:163)
    java.util.concurrent.ThreadPoolExecutor.runWorker (ThreadPoolExecutor.java:1149)
    java.util.concurrent.ThreadPoolExecutor$Worker.run (ThreadPoolExecutor.java:624)
    java.lang.Thread.run (Thread.java:748)

Compiling build :dev to "resources/public/js/compiled/app.js" from ["src/cljs"]...
[31mFailed to compile build :dev from ["src/cljs"] in 0.548 seconds.[0m
[36m----  Exception    ----[0m

  [1mAssert failed: file:/home/koompi/projects/full-stack/src/cljs/full_stack/admin/dashboard.cljs does not provide a namespace
(first provides)[0m

[36m----  Exception Stack Trace  ----[0m

java.lang.AssertionError: Assert failed: file:/home/koompi/projects/full-stack/src/cljs/full_stack/admin/dashboard.cljs does not provide a namespace
(first provides)
 at cljs.closure$javascript_file.invokeStatic (closure.clj:475)
    cljs.closure$javascript_file.invoke (closure.clj:471)
    cljs.closure$map__GT_javascript_file.invokeStatic (closure.clj:480)
    cljs.closure$map__GT_javascript_file.invoke (closure.clj:478)
    cljs.closure$compiled_file.invokeStatic (closure.clj:547)
    cljs.closure$compiled_file.invoke (closure.clj:539)
    cljs.closure$compile_file.invokeStatic (closure.clj:573)
    cljs.closure$compile_file.invoke (closure.clj:564)
    cljs.closure$fn__5124.invokeStatic (closure.clj:653)
    cljs.closure/fn (closure.clj:647)
    cljs.closure$fn__5052$G__5045__5059.invoke (closure.clj:521)
    cljs.closure$compile_sources$iter__5250__5254$fn__5255.invoke (closure.clj:1011)
    clojure.lang.LazySeq.sval (LazySeq.java:40)
    clojure.lang.LazySeq.seq (LazySeq.java:49)
    clojure.lang.Cons.next (Cons.java:39)
    clojure.lang.RT.next (RT.java:688)
    clojure.core$next__4341.invokeStatic (core.clj:64)
    clojure.core$dorun.invokeStatic (core.clj:3033)
    clojure.core$doall.invokeStatic (core.clj:3039)
    clojure.core$doall.invoke (core.clj:3039)
    cljs.closure$compile_sources.invokeStatic (closure.clj:1007)
    cljs.closure$compile_sources.invoke (closure.clj:996)
    cljs.closure$build.invokeStatic (closure.clj:2817)
    cljs.closure$build.invoke (closure.clj:2718)
    cljs.build.api$build.invokeStatic (api.clj:208)
    cljs.build.api$build.invoke (api.clj:189)
    figwheel_sidecar.components.cljs_autobuild$cljs_build.invokeStatic (cljs_autobuild.clj:28)
    figwheel_sidecar.components.cljs_autobuild$cljs_build.invoke (cljs_autobuild.clj:27)
    figwheel_sidecar.build_middleware.injection$hook$fn__19567.invoke (injection.clj:94)
    figwheel_sidecar.components.cljs_autobuild$notify_command_hook$fn__19879.invoke (cljs_autobuild.clj:69)
    figwheel_sidecar.components.cljs_autobuild$figwheel_start_and_end_messages$fn__19869.invoke (cljs_autobuild.clj:48)
    figwheel_sidecar.build_middleware.notifications$hook$fn__19738.invoke (notifications.clj:179)
    figwheel_sidecar.build_middleware.clj_reloading$hook$fn__19795.invoke (clj_reloading.clj:111)
    figwheel_sidecar.build_middleware.javascript_reloading$hook$fn__19828.invoke (javascript_reloading.clj:48)
    figwheel_sidecar.components.cljs_autobuild$color_output$fn__19883.invoke (cljs_autobuild.clj:80)
    figwheel_sidecar.components.cljs_autobuild$execute_build$fn__19925.invoke (cljs_autobuild.clj:234)
    figwheel_sidecar.utils$sync_exec$fn__221$fn__222.invoke (utils.clj:13)
    figwheel_sidecar.utils$sync_exec$fn__221.invoke (utils.clj:12)
    clojure.core$binding_conveyor_fn$fn__4676.invoke (core.clj:1941)
    clojure.lang.AFn.applyToHelper (AFn.java:154)
    clojure.lang.RestFn.applyTo (RestFn.java:132)
    clojure.lang.Agent$Action.doRun (Agent.java:114)
    clojure.lang.Agent$Action.run (Agent.java:163)
    java.util.concurrent.ThreadPoolExecutor.runWorker (ThreadPoolExecutor.java:1149)
    java.util.concurrent.ThreadPoolExecutor$Worker.run (ThreadPoolExecutor.java:624)
    java.lang.Thread.run (Thread.java:748)

Compiling build :dev to "resources/public/js/compiled/app.js" from ["src/cljs"]...
[32mSuccessfully compiled build :dev to "resources/public/js/compiled/app.js" in 1.216 seconds.[0m
Compiling build :dev to "resources/public/js/compiled/app.js" from ["src/cljs"]...
[32mSuccessfully compiled build :dev to "resources/public/js/compiled/app.js" in 1.076 seconds.[0m
Compiling build :dev to "resources/public/js/compiled/app.js" from ["src/cljs"]...
[32mSuccessfully compiled build :dev to "resources/public/js/compiled/app.js" in 1.19 seconds.[0m
notifying browser that file changed:  resources/public/js/compiled/out/goog/deps.js
notifying browser that file changed:  resources/public/js/compiled/out/cljs_deps.js
notifying browser that file changed:  resources/public/js/compiled/out/full_stack/views.js
Compiling build :dev to "resources/public/js/compiled/app.js" from ["src/cljs"]...
[32mSuccessfully compiled build :dev to "resources/public/js/compiled/app.js" in 1.155 seconds.[0m
notifying browser that file changed:  resources/public/js/compiled/out/full_stack/views.js
Compiling build :dev to "resources/public/js/compiled/app.js" from ["src/cljs"]...
[32mSuccessfully compiled build :dev to "resources/public/js/compiled/app.js" in 1.131 seconds.[0m
notifying browser that file changed:  resources/public/js/compiled/out/full_stack/views.js
Compiling build :dev to "resources/public/js/compiled/app.js" from ["src/cljs"]...
[32mSuccessfully compiled build :dev to "resources/public/js/compiled/app.js" in 1.068 seconds.[0m
notifying browser that file changed:  resources/public/js/compiled/out/full_stack/views.js
Compiling build :dev to "resources/public/js/compiled/app.js" from ["src/cljs"]...
[32mSuccessfully compiled build :dev to "resources/public/js/compiled/app.js" in 1.15 seconds.[0m
notifying browser that file changed:  resources/public/js/compiled/out/full_stack/views.js
Compiling build :dev to "resources/public/js/compiled/app.js" from ["src/cljs"]...
[32mSuccessfully compiled build :dev to "resources/public/js/compiled/app.js" in 1.146 seconds.[0m
notifying browser that file changed:  resources/public/js/compiled/out/full_stack/views.js
Compiling build :dev to "resources/public/js/compiled/app.js" from ["src/cljs"]...
[32mSuccessfully compiled build :dev to "resources/public/js/compiled/app.js" in 1.192 seconds.[0m
notifying browser that file changed:  resources/public/js/compiled/out/full_stack/views.js
Compiling build :dev to "resources/public/js/compiled/app.js" from ["src/cljs"]...
[32mSuccessfully compiled build :dev to "resources/public/js/compiled/app.js" in 1.246 seconds.[0m
notifying browser that file changed:  resources/public/js/compiled/out/full_stack/views.js
Compiling build :dev to "resources/public/js/compiled/app.js" from ["src/cljs"]...
[32mSuccessfully compiled build :dev to "resources/public/js/compiled/app.js" in 1.069 seconds.[0m
notifying browser that file changed:  resources/public/js/compiled/out/full_stack/views.js
Compiling build :dev to "resources/public/js/compiled/app.js" from ["src/cljs"]...
[31mFailed to compile build :dev from ["src/cljs"] in 0.673 seconds.[0m
[36m----  Exception    ----[0m

  [1mAssert failed: file:/home/koompi/projects/full-stack/src/cljs/full_stack/admin/components/new-post.cljs does not provide a namespace
(first provides)[0m

[36m----  Exception Stack Trace  ----[0m

java.lang.AssertionError: Assert failed: file:/home/koompi/projects/full-stack/src/cljs/full_stack/admin/components/new-post.cljs does not provide a namespace
(first provides)
 at cljs.closure$javascript_file.invokeStatic (closure.clj:475)
    cljs.closure$javascript_file.invoke (closure.clj:471)
    cljs.closure$map__GT_javascript_file.invokeStatic (closure.clj:480)
    cljs.closure$map__GT_javascript_file.invoke (closure.clj:478)
    cljs.closure$compiled_file.invokeStatic (closure.clj:547)
    cljs.closure$compiled_file.invoke (closure.clj:539)
    cljs.closure$compile_file.invokeStatic (closure.clj:573)
    cljs.closure$compile_file.invoke (closure.clj:564)
    cljs.closure$fn__5124.invokeStatic (closure.clj:653)
    cljs.closure/fn (closure.clj:647)
    cljs.closure$fn__5052$G__5045__5059.invoke (closure.clj:521)
    cljs.closure$compile_sources$iter__5250__5254$fn__5255.invoke (closure.clj:1011)
    clojure.lang.LazySeq.sval (LazySeq.java:40)
    clojure.lang.LazySeq.seq (LazySeq.java:49)
    clojure.lang.Cons.next (Cons.java:39)
    clojure.lang.RT.next (RT.java:688)
    clojure.core$next__4341.invokeStatic (core.clj:64)
    clojure.core$dorun.invokeStatic (core.clj:3033)
    clojure.core$doall.invokeStatic (core.clj:3039)
    clojure.core$doall.invoke (core.clj:3039)
    cljs.closure$compile_sources.invokeStatic (closure.clj:1007)
    cljs.closure$compile_sources.invoke (closure.clj:996)
    cljs.closure$build.invokeStatic (closure.clj:2817)
    cljs.closure$build.invoke (closure.clj:2718)
    cljs.build.api$build.invokeStatic (api.clj:208)
    cljs.build.api$build.invoke (api.clj:189)
    figwheel_sidecar.components.cljs_autobuild$cljs_build.invokeStatic (cljs_autobuild.clj:28)
    figwheel_sidecar.components.cljs_autobuild$cljs_build.invoke (cljs_autobuild.clj:27)
    figwheel_sidecar.build_middleware.injection$hook$fn__19567.invoke (injection.clj:94)
    figwheel_sidecar.components.cljs_autobuild$notify_command_hook$fn__19879.invoke (cljs_autobuild.clj:69)
    figwheel_sidecar.components.cljs_autobuild$figwheel_start_and_end_messages$fn__19869.invoke (cljs_autobuild.clj:48)
    figwheel_sidecar.build_middleware.notifications$hook$fn__19738.invoke (notifications.clj:179)
    figwheel_sidecar.build_middleware.clj_reloading$hook$fn__19795.invoke (clj_reloading.clj:111)
    figwheel_sidecar.build_middleware.javascript_reloading$hook$fn__19828.invoke (javascript_reloading.clj:48)
    figwheel_sidecar.components.cljs_autobuild$color_output$fn__19883.invoke (cljs_autobuild.clj:80)
    figwheel_sidecar.components.cljs_autobuild$execute_build$fn__19925.invoke (cljs_autobuild.clj:234)
    figwheel_sidecar.utils$sync_exec$fn__221$fn__222.invoke (utils.clj:13)
    figwheel_sidecar.utils$sync_exec$fn__221.invoke (utils.clj:12)
    clojure.core$binding_conveyor_fn$fn__4676.invoke (core.clj:1941)
    clojure.lang.AFn.applyToHelper (AFn.java:154)
    clojure.lang.RestFn.applyTo (RestFn.java:132)
    clojure.lang.Agent$Action.doRun (Agent.java:114)
    clojure.lang.Agent$Action.run (Agent.java:163)
    java.util.concurrent.ThreadPoolExecutor.runWorker (ThreadPoolExecutor.java:1149)
    java.util.concurrent.ThreadPoolExecutor$Worker.run (ThreadPoolExecutor.java:624)
    java.lang.Thread.run (Thread.java:748)

Compiling build :dev to "resources/public/js/compiled/app.js" from ["src/cljs"]...
[32mSuccessfully compiled build :dev to "resources/public/js/compiled/app.js" in 1.062 seconds.[0m
notifying browser that file changed:  resources/public/js/compiled/out/cljs_deps.js
notifying browser that file changed:  resources/public/js/compiled/out/admin/components/new_posts.js
Compiling build :dev to "resources/public/js/compiled/app.js" from ["src/cljs"]...
[32mSuccessfully compiled build :dev to "resources/public/js/compiled/app.js" in 1.229 seconds.[0m
notifying browser that file changed:  resources/public/js/compiled/out/admin/components/new_posts.js
Compiling build :dev to "resources/public/js/compiled/app.js" from ["src/cljs"]...
[32mSuccessfully compiled build :dev to "resources/public/js/compiled/app.js" in 1.144 seconds.[0m
notifying browser that file changed:  resources/public/js/compiled/out/cljs_deps.js
notifying browser that file changed:  resources/public/js/compiled/out/full_stack/views.js
Compiling build :dev to "resources/public/js/compiled/app.js" from ["src/cljs"]...
[32mSuccessfully compiled build :dev to "resources/public/js/compiled/app.js" in 1.096 seconds.[0m
notifying browser that file changed:  resources/public/js/compiled/out/full_stack/views.js
Compiling build :dev to "resources/public/js/compiled/app.js" from ["src/cljs"]...
[32mSuccessfully compiled build :dev to "resources/public/js/compiled/app.js" in 1.048 seconds.[0m
notifying browser that file changed:  resources/public/js/compiled/out/full_stack/views.js
Compiling build :dev to "resources/public/js/compiled/app.js" from ["src/cljs"]...
[32mSuccessfully compiled build :dev to "resources/public/js/compiled/app.js" in 1.036 seconds.[0m
notifying browser that file changed:  resources/public/js/compiled/out/full_stack/views.js
Compiling build :dev to "resources/public/js/compiled/app.js" from ["src/cljs"]...
[32mSuccessfully compiled build :dev to "resources/public/js/compiled/app.js" in 1.27 seconds.[0m
notifying browser that file changed:  resources/public/js/compiled/out/full_stack/views.js
Compiling build :dev to "resources/public/js/compiled/app.js" from ["src/cljs"]...
[32mSuccessfully compiled build :dev to "resources/public/js/compiled/app.js" in 1.07 seconds.[0m
notifying browser that file changed:  resources/public/js/compiled/out/full_stack/views.js
Compiling build :dev to "resources/public/js/compiled/app.js" from ["src/cljs"]...
[32mSuccessfully compiled build :dev to "resources/public/js/compiled/app.js" in 1.089 seconds.[0m
notifying browser that file changed:  resources/public/js/compiled/out/full_stack/views.js
Compiling build :dev to "resources/public/js/compiled/app.js" from ["src/cljs"]...
[32mSuccessfully compiled build :dev to "resources/public/js/compiled/app.js" in 1.288 seconds.[0m
notifying browser that file changed:  resources/public/js/compiled/out/full_stack/views.js
Compiling build :dev to "resources/public/js/compiled/app.js" from ["src/cljs"]...
[32mSuccessfully compiled build :dev to "resources/public/js/compiled/app.js" in 1.088 seconds.[0m
notifying browser that file changed:  resources/public/js/compiled/out/full_stack/views.js
Compiling build :dev to "resources/public/js/compiled/app.js" from ["src/cljs"]...
[32mSuccessfully compiled build :dev to "resources/public/js/compiled/app.js" in 1.042 seconds.[0m
notifying browser that file changed:  resources/public/js/compiled/out/full_stack/views.js
Compiling build :dev to "resources/public/js/compiled/app.js" from ["src/cljs"]...
[32mSuccessfully compiled build :dev to "resources/public/js/compiled/app.js" in 1.04 seconds.[0m
notifying browser that file changed:  resources/public/js/compiled/out/full_stack/views.js
Compiling build :dev to "resources/public/js/compiled/app.js" from ["src/cljs"]...
[32mSuccessfully compiled build :dev to "resources/public/js/compiled/app.js" in 1.017 seconds.[0m
notifying browser that file changed:  resources/public/js/compiled/out/full_stack/views.js
Compiling build :dev to "resources/public/js/compiled/app.js" from ["src/cljs"]...
[32mSuccessfully compiled build :dev to "resources/public/js/compiled/app.js" in 1.172 seconds.[0m
notifying browser that file changed:  resources/public/js/compiled/out/full_stack/views.js
Compiling build :dev to "resources/public/js/compiled/app.js" from ["src/cljs"]...
[32mSuccessfully compiled build :dev to "resources/public/js/compiled/app.js" in 1.061 seconds.[0m
notifying browser that file changed:  resources/public/js/compiled/out/full_stack/views.js
Compiling build :dev to "resources/public/js/compiled/app.js" from ["src/cljs"]...
[32mSuccessfully compiled build :dev to "resources/public/js/compiled/app.js" in 1.27 seconds.[0m
notifying browser that file changed:  resources/public/js/compiled/out/full_stack/views.js
Compiling build :dev to "resources/public/js/compiled/app.js" from ["src/cljs"]...
[32mSuccessfully compiled build :dev to "resources/public/js/compiled/app.js" in 1.1 seconds.[0m
notifying browser that file changed:  resources/public/js/compiled/out/full_stack/views.js
Compiling build :dev to "resources/public/js/compiled/app.js" from ["src/cljs"]...
[32mSuccessfully compiled build :dev to "resources/public/js/compiled/app.js" in 1.333 seconds.[0m
notifying browser that file changed:  resources/public/js/compiled/out/full_stack/views.js
Compiling build :dev to "resources/public/js/compiled/app.js" from ["src/cljs"]...
[32mSuccessfully compiled build :dev to "resources/public/js/compiled/app.js" in 1.291 seconds.[0m
notifying browser that file changed:  resources/public/js/compiled/out/full_stack/views.js
Compiling build :dev to "resources/public/js/compiled/app.js" from ["src/cljs"]...
[32mSuccessfully compiled build :dev to "resources/public/js/compiled/app.js" in 1.612 seconds.[0m
notifying browser that file changed:  resources/public/js/compiled/out/full_stack/views.js
Compiling build :dev to "resources/public/js/compiled/app.js" from ["src/cljs"]...
[32mSuccessfully compiled build :dev to "resources/public/js/compiled/app.js" in 1.172 seconds.[0m
notifying browser that file changed:  resources/public/js/compiled/out/full_stack/views.js
Compiling build :dev to "resources/public/js/compiled/app.js" from ["src/cljs"]...
[32mSuccessfully compiled build :dev to "resources/public/js/compiled/app.js" in 1.56 seconds.[0m
notifying browser that file changed:  resources/public/js/compiled/out/full_stack/views.js
Compiling build :dev to "resources/public/js/compiled/app.js" from ["src/cljs"]...
[32mSuccessfully compiled build :dev to "resources/public/js/compiled/app.js" in 1.458 seconds.[0m
notifying browser that file changed:  resources/public/js/compiled/out/full_stack/views.js
Compiling build :dev to "resources/public/js/compiled/app.js" from ["src/cljs"]...
[32mSuccessfully compiled build :dev to "resources/public/js/compiled/app.js" in 1.133 seconds.[0m
notifying browser that file changed:  resources/public/js/compiled/out/full_stack/views.js
Compiling build :dev to "resources/public/js/compiled/app.js" from ["src/cljs"]...
[32mSuccessfully compiled build :dev to "resources/public/js/compiled/app.js" in 1.359 seconds.[0m
notifying browser that file changed:  resources/public/js/compiled/out/full_stack/views.js
Compiling build :dev to "resources/public/js/compiled/app.js" from ["src/cljs"]...
[32mSuccessfully compiled build :dev to "resources/public/js/compiled/app.js" in 1.309 seconds.[0m
notifying browser that file changed:  resources/public/js/compiled/out/full_stack/views.js
Compiling build :dev to "resources/public/js/compiled/app.js" from ["src/cljs"]...
[32mSuccessfully compiled build :dev to "resources/public/js/compiled/app.js" in 1.195 seconds.[0m
notifying browser that file changed:  resources/public/js/compiled/out/full_stack/views.js
Compiling build :dev to "resources/public/js/compiled/app.js" from ["src/cljs"]...
[32mSuccessfully compiled build :dev to "resources/public/js/compiled/app.js" in 1.376 seconds.[0m
notifying browser that file changed:  resources/public/js/compiled/out/full_stack/views.js
Compiling build :dev to "resources/public/js/compiled/app.js" from ["src/cljs"]...
[32mSuccessfully compiled build :dev to "resources/public/js/compiled/app.js" in 1.234 seconds.[0m
notifying browser that file changed:  resources/public/js/compiled/out/full_stack/views.js
Compiling build :dev to "resources/public/js/compiled/app.js" from ["src/cljs"]...
[32mSuccessfully compiled build :dev to "resources/public/js/compiled/app.js" in 1.101 seconds.[0m
notifying browser that file changed:  resources/public/js/compiled/out/full_stack/views.js
Compiling build :dev to "resources/public/js/compiled/app.js" from ["src/cljs"]...
[31mFailed to compile build :dev from ["src/cljs"] in 0.648 seconds.[0m
[36m----  Exception    ----[0m

  [1mAssert failed: file:/home/koompi/projects/full-stack/src/cljs/full_stack/admin/components/navbar.cljs does not provide a namespace
(first provides)[0m

[36m----  Exception Stack Trace  ----[0m

java.lang.AssertionError: Assert failed: file:/home/koompi/projects/full-stack/src/cljs/full_stack/admin/components/navbar.cljs does not provide a namespace
(first provides)
 at cljs.closure$javascript_file.invokeStatic (closure.clj:475)
    cljs.closure$javascript_file.invoke (closure.clj:471)
    cljs.closure$map__GT_javascript_file.invokeStatic (closure.clj:480)
    cljs.closure$map__GT_javascript_file.invoke (closure.clj:478)
    cljs.closure$compiled_file.invokeStatic (closure.clj:547)
    cljs.closure$compiled_file.invoke (closure.clj:539)
    cljs.closure$compile_file.invokeStatic (closure.clj:573)
    cljs.closure$compile_file.invoke (closure.clj:564)
    cljs.closure$fn__5124.invokeStatic (closure.clj:653)
    cljs.closure/fn (closure.clj:647)
    cljs.closure$fn__5052$G__5045__5059.invoke (closure.clj:521)
    cljs.closure$compile_sources$iter__5250__5254$fn__5255.invoke (closure.clj:1011)
    clojure.lang.LazySeq.sval (LazySeq.java:40)
    clojure.lang.LazySeq.seq (LazySeq.java:49)
    clojure.lang.Cons.next (Cons.java:39)
    clojure.lang.RT.next (RT.java:688)
    clojure.core$next__4341.invokeStatic (core.clj:64)
    clojure.core$dorun.invokeStatic (core.clj:3033)
    clojure.core$doall.invokeStatic (core.clj:3039)
    clojure.core$doall.invoke (core.clj:3039)
    cljs.closure$compile_sources.invokeStatic (closure.clj:1007)
    cljs.closure$compile_sources.invoke (closure.clj:996)
    cljs.closure$build.invokeStatic (closure.clj:2817)
    cljs.closure$build.invoke (closure.clj:2718)
    cljs.build.api$build.invokeStatic (api.clj:208)
    cljs.build.api$build.invoke (api.clj:189)
    figwheel_sidecar.components.cljs_autobuild$cljs_build.invokeStatic (cljs_autobuild.clj:28)
    figwheel_sidecar.components.cljs_autobuild$cljs_build.invoke (cljs_autobuild.clj:27)
    figwheel_sidecar.build_middleware.injection$hook$fn__19567.invoke (injection.clj:94)
    figwheel_sidecar.components.cljs_autobuild$notify_command_hook$fn__19879.invoke (cljs_autobuild.clj:69)
    figwheel_sidecar.components.cljs_autobuild$figwheel_start_and_end_messages$fn__19869.invoke (cljs_autobuild.clj:48)
    figwheel_sidecar.build_middleware.notifications$hook$fn__19738.invoke (notifications.clj:179)
    figwheel_sidecar.build_middleware.clj_reloading$hook$fn__19795.invoke (clj_reloading.clj:111)
    figwheel_sidecar.build_middleware.javascript_reloading$hook$fn__19828.invoke (javascript_reloading.clj:48)
    figwheel_sidecar.components.cljs_autobuild$color_output$fn__19883.invoke (cljs_autobuild.clj:80)
    figwheel_sidecar.components.cljs_autobuild$execute_build$fn__19925.invoke (cljs_autobuild.clj:234)
    figwheel_sidecar.utils$sync_exec$fn__221$fn__222.invoke (utils.clj:13)
    figwheel_sidecar.utils$sync_exec$fn__221.invoke (utils.clj:12)
    clojure.core$binding_conveyor_fn$fn__4676.invoke (core.clj:1941)
    clojure.lang.AFn.applyToHelper (AFn.java:154)
    clojure.lang.RestFn.applyTo (RestFn.java:132)
    clojure.lang.Agent$Action.doRun (Agent.java:114)
    clojure.lang.Agent$Action.run (Agent.java:163)
    java.util.concurrent.ThreadPoolExecutor.runWorker (ThreadPoolExecutor.java:1149)
    java.util.concurrent.ThreadPoolExecutor$Worker.run (ThreadPoolExecutor.java:624)
    java.lang.Thread.run (Thread.java:748)

Compiling build :dev to "resources/public/js/compiled/app.js" from ["src/cljs"]...
[31mFailed to compile build :dev from ["src/cljs"] in 0.618 seconds.[0m
[36m----  Exception    ----[0m

  [1mAssert failed: file:/home/koompi/projects/full-stack/src/cljs/full_stack/admin/components/navbar.cljs does not provide a namespace
(first provides)[0m

[36m----  Exception Stack Trace  ----[0m

java.lang.AssertionError: Assert failed: file:/home/koompi/projects/full-stack/src/cljs/full_stack/admin/components/navbar.cljs does not provide a namespace
(first provides)
 at cljs.closure$javascript_file.invokeStatic (closure.clj:475)
    cljs.closure$javascript_file.invoke (closure.clj:471)
    cljs.closure$map__GT_javascript_file.invokeStatic (closure.clj:480)
    cljs.closure$map__GT_javascript_file.invoke (closure.clj:478)
    cljs.closure$compiled_file.invokeStatic (closure.clj:547)
    cljs.closure$compiled_file.invoke (closure.clj:539)
    cljs.closure$compile_file.invokeStatic (closure.clj:573)
    cljs.closure$compile_file.invoke (closure.clj:564)
    cljs.closure$fn__5124.invokeStatic (closure.clj:653)
    cljs.closure/fn (closure.clj:647)
    cljs.closure$fn__5052$G__5045__5059.invoke (closure.clj:521)
    cljs.closure$compile_sources$iter__5250__5254$fn__5255.invoke (closure.clj:1011)
    clojure.lang.LazySeq.sval (LazySeq.java:40)
    clojure.lang.LazySeq.seq (LazySeq.java:49)
    clojure.lang.Cons.next (Cons.java:39)
    clojure.lang.RT.next (RT.java:688)
    clojure.core$next__4341.invokeStatic (core.clj:64)
    clojure.core$dorun.invokeStatic (core.clj:3033)
    clojure.core$doall.invokeStatic (core.clj:3039)
    clojure.core$doall.invoke (core.clj:3039)
    cljs.closure$compile_sources.invokeStatic (closure.clj:1007)
    cljs.closure$compile_sources.invoke (closure.clj:996)
    cljs.closure$build.invokeStatic (closure.clj:2817)
    cljs.closure$build.invoke (closure.clj:2718)
    cljs.build.api$build.invokeStatic (api.clj:208)
    cljs.build.api$build.invoke (api.clj:189)
    figwheel_sidecar.components.cljs_autobuild$cljs_build.invokeStatic (cljs_autobuild.clj:28)
    figwheel_sidecar.components.cljs_autobuild$cljs_build.invoke (cljs_autobuild.clj:27)
    figwheel_sidecar.build_middleware.injection$hook$fn__19567.invoke (injection.clj:94)
    figwheel_sidecar.components.cljs_autobuild$notify_command_hook$fn__19879.invoke (cljs_autobuild.clj:69)
    figwheel_sidecar.components.cljs_autobuild$figwheel_start_and_end_messages$fn__19869.invoke (cljs_autobuild.clj:48)
    figwheel_sidecar.build_middleware.notifications$hook$fn__19738.invoke (notifications.clj:179)
    figwheel_sidecar.build_middleware.clj_reloading$hook$fn__19795.invoke (clj_reloading.clj:111)
    figwheel_sidecar.build_middleware.javascript_reloading$hook$fn__19828.invoke (javascript_reloading.clj:48)
    figwheel_sidecar.components.cljs_autobuild$color_output$fn__19883.invoke (cljs_autobuild.clj:80)
    figwheel_sidecar.components.cljs_autobuild$execute_build$fn__19925.invoke (cljs_autobuild.clj:234)
    figwheel_sidecar.utils$sync_exec$fn__221$fn__222.invoke (utils.clj:13)
    figwheel_sidecar.utils$sync_exec$fn__221.invoke (utils.clj:12)
    clojure.core$binding_conveyor_fn$fn__4676.invoke (core.clj:1941)
    clojure.lang.AFn.applyToHelper (AFn.java:154)
    clojure.lang.RestFn.applyTo (RestFn.java:132)
    clojure.lang.Agent$Action.doRun (Agent.java:114)
    clojure.lang.Agent$Action.run (Agent.java:163)
    java.util.concurrent.ThreadPoolExecutor.runWorker (ThreadPoolExecutor.java:1149)
    java.util.concurrent.ThreadPoolExecutor$Worker.run (ThreadPoolExecutor.java:624)
    java.lang.Thread.run (Thread.java:748)

Compiling build :dev to "resources/public/js/compiled/app.js" from ["src/cljs"]...
[31mFailed to compile build :dev from ["src/cljs"] in 0.564 seconds.[0m
[36m----  Exception    ----[0m

  [1mAssert failed: file:/home/koompi/projects/full-stack/src/cljs/full_stack/admin/components/navbar.cljs does not provide a namespace
(first provides)[0m

[36m----  Exception Stack Trace  ----[0m

java.lang.AssertionError: Assert failed: file:/home/koompi/projects/full-stack/src/cljs/full_stack/admin/components/navbar.cljs does not provide a namespace
(first provides)
 at cljs.closure$javascript_file.invokeStatic (closure.clj:475)
    cljs.closure$javascript_file.invoke (closure.clj:471)
    cljs.closure$map__GT_javascript_file.invokeStatic (closure.clj:480)
    cljs.closure$map__GT_javascript_file.invoke (closure.clj:478)
    cljs.closure$compiled_file.invokeStatic (closure.clj:547)
    cljs.closure$compiled_file.invoke (closure.clj:539)
    cljs.closure$compile_file.invokeStatic (closure.clj:573)
    cljs.closure$compile_file.invoke (closure.clj:564)
    cljs.closure$fn__5124.invokeStatic (closure.clj:653)
    cljs.closure/fn (closure.clj:647)
    cljs.closure$fn__5052$G__5045__5059.invoke (closure.clj:521)
    cljs.closure$compile_sources$iter__5250__5254$fn__5255.invoke (closure.clj:1011)
    clojure.lang.LazySeq.sval (LazySeq.java:40)
    clojure.lang.LazySeq.seq (LazySeq.java:49)
    clojure.lang.Cons.next (Cons.java:39)
    clojure.lang.RT.next (RT.java:688)
    clojure.core$next__4341.invokeStatic (core.clj:64)
    clojure.core$dorun.invokeStatic (core.clj:3033)
    clojure.core$doall.invokeStatic (core.clj:3039)
    clojure.core$doall.invoke (core.clj:3039)
    cljs.closure$compile_sources.invokeStatic (closure.clj:1007)
    cljs.closure$compile_sources.invoke (closure.clj:996)
    cljs.closure$build.invokeStatic (closure.clj:2817)
    cljs.closure$build.invoke (closure.clj:2718)
    cljs.build.api$build.invokeStatic (api.clj:208)
    cljs.build.api$build.invoke (api.clj:189)
    figwheel_sidecar.components.cljs_autobuild$cljs_build.invokeStatic (cljs_autobuild.clj:28)
    figwheel_sidecar.components.cljs_autobuild$cljs_build.invoke (cljs_autobuild.clj:27)
    figwheel_sidecar.build_middleware.injection$hook$fn__19567.invoke (injection.clj:94)
    figwheel_sidecar.components.cljs_autobuild$notify_command_hook$fn__19879.invoke (cljs_autobuild.clj:69)
    figwheel_sidecar.components.cljs_autobuild$figwheel_start_and_end_messages$fn__19869.invoke (cljs_autobuild.clj:48)
    figwheel_sidecar.build_middleware.notifications$hook$fn__19738.invoke (notifications.clj:179)
    figwheel_sidecar.build_middleware.clj_reloading$hook$fn__19795.invoke (clj_reloading.clj:111)
    figwheel_sidecar.build_middleware.javascript_reloading$hook$fn__19828.invoke (javascript_reloading.clj:48)
    figwheel_sidecar.components.cljs_autobuild$color_output$fn__19883.invoke (cljs_autobuild.clj:80)
    figwheel_sidecar.components.cljs_autobuild$execute_build$fn__19925.invoke (cljs_autobuild.clj:234)
    figwheel_sidecar.utils$sync_exec$fn__221$fn__222.invoke (utils.clj:13)
    figwheel_sidecar.utils$sync_exec$fn__221.invoke (utils.clj:12)
    clojure.core$binding_conveyor_fn$fn__4676.invoke (core.clj:1941)
    clojure.lang.AFn.applyToHelper (AFn.java:154)
    clojure.lang.RestFn.applyTo (RestFn.java:132)
    clojure.lang.Agent$Action.doRun (Agent.java:114)
    clojure.lang.Agent$Action.run (Agent.java:163)
    java.util.concurrent.ThreadPoolExecutor.runWorker (ThreadPoolExecutor.java:1149)
    java.util.concurrent.ThreadPoolExecutor$Worker.run (ThreadPoolExecutor.java:624)
    java.lang.Thread.run (Thread.java:748)

Compiling build :dev to "resources/public/js/compiled/app.js" from ["src/cljs"]...
[32mSuccessfully compiled build :dev to "resources/public/js/compiled/app.js" in 1.224 seconds.[0m
notifying browser that file changed:  resources/public/js/compiled/out/cljs_deps.js
notifying browser that file changed:  resources/public/js/compiled/out/admin/components/navbar.js
Compiling build :dev to "resources/public/js/compiled/app.js" from ["src/cljs"]...
[32mSuccessfully compiled build :dev to "resources/public/js/compiled/app.js" in 1.06 seconds.[0m
notifying browser that file changed:  resources/public/js/compiled/out/admin/components/navbar.js
Compiling build :dev to "resources/public/js/compiled/app.js" from ["src/cljs"]...
[32mSuccessfully compiled build :dev to "resources/public/js/compiled/app.js" in 1.077 seconds.[0m
notifying browser that file changed:  resources/public/js/compiled/out/admin/components/navbar.js
Compiling build :dev to "resources/public/js/compiled/app.js" from ["src/cljs"]...
[32mSuccessfully compiled build :dev to "resources/public/js/compiled/app.js" in 1.119 seconds.[0m
notifying browser that file changed:  resources/public/js/compiled/out/admin/components/navbar.js
Compiling build :dev to "resources/public/js/compiled/app.js" from ["src/cljs"]...
[32mSuccessfully compiled build :dev to "resources/public/js/compiled/app.js" in 1.077 seconds.[0m
notifying browser that file changed:  resources/public/js/compiled/out/admin/components/navbar.js
Compiling build :dev to "resources/public/js/compiled/app.js" from ["src/cljs"]...
[32mSuccessfully compiled build :dev to "resources/public/js/compiled/app.js" in 1.29 seconds.[0m
notifying browser that file changed:  resources/public/js/compiled/out/cljs_deps.js
notifying browser that file changed:  resources/public/js/compiled/out/full_stack/views.js
Compiling build :dev to "resources/public/js/compiled/app.js" from ["src/cljs"]...
[32mSuccessfully compiled build :dev to "resources/public/js/compiled/app.js" in 1.193 seconds.[0m
notifying browser that file changed:  resources/public/js/compiled/out/full_stack/views.js
Compiling build :dev to "resources/public/js/compiled/app.js" from ["src/cljs"]...
[32mSuccessfully compiled build :dev to "resources/public/js/compiled/app.js" in 1.154 seconds.[0m
notifying browser that file changed:  resources/public/js/compiled/out/full_stack/views.js
Compiling build :dev to "resources/public/js/compiled/app.js" from ["src/cljs"]...
[32mSuccessfully compiled build :dev to "resources/public/js/compiled/app.js" in 1.093 seconds.[0m
notifying browser that file changed:  resources/public/js/compiled/out/full_stack/views.js
Compiling build :dev to "resources/public/js/compiled/app.js" from ["src/cljs"]...
[32mSuccessfully compiled build :dev to "resources/public/js/compiled/app.js" in 1.205 seconds.[0m
notifying browser that file changed:  resources/public/js/compiled/out/full_stack/views.js
Compiling build :dev to "resources/public/js/compiled/app.js" from ["src/cljs"]...
[32mSuccessfully compiled build :dev to "resources/public/js/compiled/app.js" in 1.113 seconds.[0m
notifying browser that file changed:  resources/public/js/compiled/out/full_stack/views.js
Compiling build :dev to "resources/public/js/compiled/app.js" from ["src/cljs"]...
[32mSuccessfully compiled build :dev to "resources/public/js/compiled/app.js" in 1.066 seconds.[0m
notifying browser that file changed:  resources/public/js/compiled/out/full_stack/views.js
Compiling build :dev to "resources/public/js/compiled/app.js" from ["src/cljs"]...
[32mSuccessfully compiled build :dev to "resources/public/js/compiled/app.js" in 1.153 seconds.[0m
notifying browser that file changed:  resources/public/js/compiled/out/full_stack/views.js
Compiling build :dev to "resources/public/js/compiled/app.js" from ["src/cljs"]...
[32mSuccessfully compiled build :dev to "resources/public/js/compiled/app.js" in 1.104 seconds.[0m
notifying browser that file changed:  resources/public/js/compiled/out/full_stack/views.js
Compiling build :dev to "resources/public/js/compiled/app.js" from ["src/cljs"]...
[32mSuccessfully compiled build :dev to "resources/public/js/compiled/app.js" in 1.339 seconds.[0m
notifying browser that file changed:  resources/public/js/compiled/out/full_stack/views.js
Compiling build :dev to "resources/public/js/compiled/app.js" from ["src/cljs"]...
[32mSuccessfully compiled build :dev to "resources/public/js/compiled/app.js" in 1.136 seconds.[0m
notifying browser that file changed:  resources/public/js/compiled/out/full_stack/views.js
Compiling build :dev to "resources/public/js/compiled/app.js" from ["src/cljs"]...
[32mSuccessfully compiled build :dev to "resources/public/js/compiled/app.js" in 1.152 seconds.[0m
notifying browser that file changed:  resources/public/js/compiled/out/full_stack/views.js
Compiling build :dev to "resources/public/js/compiled/app.js" from ["src/cljs"]...
[32mSuccessfully compiled build :dev to "resources/public/js/compiled/app.js" in 1.134 seconds.[0m
notifying browser that file changed:  resources/public/js/compiled/out/full_stack/core.js
Compiling build :dev to "resources/public/js/compiled/app.js" from ["src/cljs"]...
[32mSuccessfully compiled build :dev to "resources/public/js/compiled/app.js" in 1.193 seconds.[0m
notifying browser that file changed:  resources/public/js/compiled/out/full_stack/core.js
Compiling build :dev to "resources/public/js/compiled/app.js" from ["src/cljs"]...
[32mSuccessfully compiled build :dev to "resources/public/js/compiled/app.js" in 1.191 seconds.[0m
notifying browser that file changed:  resources/public/js/compiled/out/full_stack/core.js
Compiling build :dev to "resources/public/js/compiled/app.js" from ["src/cljs"]...
[32mSuccessfully compiled build :dev to "resources/public/js/compiled/app.js" in 1.295 seconds.[0m
notifying browser that file changed:  resources/public/js/compiled/out/full_stack/core.js
Compiling build :dev to "resources/public/js/compiled/app.js" from ["src/cljs"]...
[32mSuccessfully compiled build :dev to "resources/public/js/compiled/app.js" in 1.061 seconds.[0m
notifying browser that file changed:  resources/public/js/compiled/out/full_stack/views.js
Compiling build :dev to "resources/public/js/compiled/app.js" from ["src/cljs"]...
[32mSuccessfully compiled build :dev to "resources/public/js/compiled/app.js" in 1.096 seconds.[0m
notifying browser that file changed:  resources/public/js/compiled/out/admin/components/navbar.js
Compiling build :dev to "resources/public/js/compiled/app.js" from ["src/cljs"]...
[32mSuccessfully compiled build :dev to "resources/public/js/compiled/app.js" in 1.585 seconds.[0m
notifying browser that file changed:  resources/public/js/compiled/out/admin/components/navbar.js
Compiling build :dev to "resources/public/js/compiled/app.js" from ["src/cljs"]...
[32mSuccessfully compiled build :dev to "resources/public/js/compiled/app.js" in 1.185 seconds.[0m
notifying browser that file changed:  resources/public/js/compiled/out/admin/components/navbar.js
Compiling build :dev to "resources/public/js/compiled/app.js" from ["src/cljs"]...
[32mSuccessfully compiled build :dev to "resources/public/js/compiled/app.js" in 1.207 seconds.[0m
notifying browser that file changed:  resources/public/js/compiled/out/admin/components/navbar.js
Compiling build :dev to "resources/public/js/compiled/app.js" from ["src/cljs"]...
[32mSuccessfully compiled build :dev to "resources/public/js/compiled/app.js" in 1.296 seconds.[0m
notifying browser that file changed:  resources/public/js/compiled/out/admin/components/navbar.js
Compiling build :dev to "resources/public/js/compiled/app.js" from ["src/cljs"]...
[32mSuccessfully compiled build :dev to "resources/public/js/compiled/app.js" in 1.145 seconds.[0m
notifying browser that file changed:  resources/public/js/compiled/out/admin/components/navbar.js
Compiling build :dev to "resources/public/js/compiled/app.js" from ["src/cljs"]...
[31mFailed to compile build :dev from ["src/cljs"] in 0.682 seconds.[0m
[36m----  Could not Read  src/cljs/full_stack/admin/components/navbar.cljs   line:5 ----[0m

  [1m/home/koompi/projects/full-stack/src/cljs/full_stack/admin/components/navbar.cljs [line 5, col 29] The map literal starting with :class on line 5 column 7 contains 3 form(s). Map literals must contain an even number of forms.[0m

  [36m3[0m  [36m(defn menu-name[0m
  [36m4[0m  [36m  [image active menu-name][0m
  [33m5[0m  [1m  [:a {:class active "item"} [:img {:class "image-icon" :src image}] [:span {:class "itemName"} menu-name]])[0m
  [0m [0m  [33m  /home/koompi/projects/full-stack/src/cljs/full_stack/admin/components/navbar.cljs [line 5, col 29] The map literal starting with :class on line 5 column 7 contains 3 form(s). Map literals must contain an even number of forms.[0m
  [36m6[0m  [36m[0m
  [36m7[0m  [36m(defn navbar[0m
  [36m8[0m  [36m  [params][0m

[36m----  Reader Error : Please see src/cljs/full_stack/admin/components/navbar.cljs  ----[0m
Compiling build :dev to "resources/public/js/compiled/app.js" from ["src/cljs"]...
[31mFailed to compile build :dev from ["src/cljs"] in 0.672 seconds.[0m
[36m----  Could not Read  src/cljs/full_stack/admin/components/navbar.cljs   line:5 ----[0m

  [1m/home/koompi/projects/full-stack/src/cljs/full_stack/admin/components/navbar.cljs [line 5, col 29] The map literal starting with :class on line 5 column 7 contains 3 form(s). Map literals must contain an even number of forms.[0m

  [36m3[0m  [36m(defn menu-name[0m
  [36m4[0m  [36m  [image active menu-name][0m
  [33m5[0m  [1m  [:a {:class active "item"} [:img {:class "image-icon" :src image}] [:span {:class "itemName"} menu-name]])[0m
  [0m [0m  [33m  /home/koompi/projects/full-stack/src/cljs/full_stack/admin/components/navbar.cljs [line 5, col 29] The map literal starting with :class on line 5 column 7 contains 3 form(s). Map literals must contain an even number of forms.[0m
  [36m6[0m  [36m[0m
  [36m7[0m  [36m(defn navbar[0m
  [36m8[0m  [36m  [params][0m

[36m----  Reader Error : Please see src/cljs/full_stack/admin/components/navbar.cljs  ----[0m
Compiling build :dev to "resources/public/js/compiled/app.js" from ["src/cljs"]...
[32mSuccessfully compiled build :dev to "resources/public/js/compiled/app.js" in 1.161 seconds.[0m
notifying browser that file changed:  resources/public/js/compiled/out/admin/components/navbar.js
Compiling build :dev to "resources/public/js/compiled/app.js" from ["src/cljs"]...
[32mSuccessfully compiled build :dev to "resources/public/js/compiled/app.js" in 1.14 seconds.[0m
notifying browser that file changed:  resources/public/js/compiled/out/admin/components/navbar.js
Compiling build :dev to "resources/public/js/compiled/app.js" from ["src/cljs"]...
[32mSuccessfully compiled build :dev to "resources/public/js/compiled/app.js" in 1.188 seconds.[0m
notifying browser that file changed:  resources/public/js/compiled/out/admin/components/navbar.js
Compiling build :dev to "resources/public/js/compiled/app.js" from ["src/cljs"]...
[32mSuccessfully compiled build :dev to "resources/public/js/compiled/app.js" in 1.277 seconds.[0m
notifying browser that file changed:  resources/public/js/compiled/out/admin/components/navbar.js
Compiling build :dev to "resources/public/js/compiled/app.js" from ["src/cljs"]...
[32mSuccessfully compiled build :dev to "resources/public/js/compiled/app.js" in 1.136 seconds.[0m
notifying browser that file changed:  resources/public/js/compiled/out/admin/components/navbar.js
Compiling build :dev to "resources/public/js/compiled/app.js" from ["src/cljs"]...
[32mSuccessfully compiled build :dev to "resources/public/js/compiled/app.js" in 1.121 seconds.[0m
notifying browser that file changed:  resources/public/js/compiled/out/admin/components/navbar.js
Compiling build :dev to "resources/public/js/compiled/app.js" from ["src/cljs"]...
[32mSuccessfully compiled build :dev to "resources/public/js/compiled/app.js" in 1.091 seconds.[0m
notifying browser that file changed:  resources/public/js/compiled/out/full_stack/views.js
Compiling build :dev to "resources/public/js/compiled/app.js" from ["src/cljs"]...
[32mSuccessfully compiled build :dev to "resources/public/js/compiled/app.js" in 1.123 seconds.[0m
notifying browser that file changed:  resources/public/js/compiled/out/full_stack/views.js
Compiling build :dev to "resources/public/js/compiled/app.js" from ["src/cljs"]...
[32mSuccessfully compiled build :dev to "resources/public/js/compiled/app.js" in 1.143 seconds.[0m
notifying browser that file changed:  resources/public/js/compiled/out/full_stack/views.js
Compiling build :dev to "resources/public/js/compiled/app.js" from ["src/cljs"]...
[32mSuccessfully compiled build :dev to "resources/public/js/compiled/app.js" in 1.697 seconds.[0m
notifying browser that file changed:  resources/public/js/compiled/out/full_stack/views.js
Compiling build :dev to "resources/public/js/compiled/app.js" from ["src/cljs"]...
[32mSuccessfully compiled build :dev to "resources/public/js/compiled/app.js" in 1.228 seconds.[0m
notifying browser that file changed:  resources/public/js/compiled/out/admin/components/navbar.js
Compiling build :dev to "resources/public/js/compiled/app.js" from ["src/cljs"]...
[32mSuccessfully compiled build :dev to "resources/public/js/compiled/app.js" in 1.674 seconds.[0m
notifying browser that file changed:  resources/public/js/compiled/out/admin/components/navbar.js
Compiling build :dev to "resources/public/js/compiled/app.js" from ["src/cljs"]...
[32mSuccessfully compiled build :dev to "resources/public/js/compiled/app.js" in 1.737 seconds.[0m
notifying browser that file changed:  resources/public/js/compiled/out/admin/components/navbar.js
Compiling build :dev to "resources/public/js/compiled/app.js" from ["src/cljs"]...
[32mSuccessfully compiled build :dev to "resources/public/js/compiled/app.js" in 1.586 seconds.[0m
notifying browser that file changed:  resources/public/js/compiled/out/full_stack/views.js
Compiling build :dev to "resources/public/js/compiled/app.js" from ["src/cljs"]...
[32mSuccessfully compiled build :dev to "resources/public/js/compiled/app.js" in 1.875 seconds.[0m
notifying browser that file changed:  resources/public/js/compiled/out/full_stack/views.js
Compiling build :dev to "resources/public/js/compiled/app.js" from ["src/cljs"]...
[32mSuccessfully compiled build :dev to "resources/public/js/compiled/app.js" in 2.083 seconds.[0m
notifying browser that file changed:  resources/public/js/compiled/out/full_stack/views.js
Compiling build :dev to "resources/public/js/compiled/app.js" from ["src/cljs"]...
[32mSuccessfully compiled build :dev to "resources/public/js/compiled/app.js" in 1.37 seconds.[0m
notifying browser that file changed:  resources/public/js/compiled/out/admin/components/navbar.js
Compiling build :dev to "resources/public/js/compiled/app.js" from ["src/cljs"]...
[32mSuccessfully compiled build :dev to "resources/public/js/compiled/app.js" in 1.345 seconds.[0m
notifying browser that file changed:  resources/public/js/compiled/out/admin/components/navbar.js
Compiling build :dev to "resources/public/js/compiled/app.js" from ["src/cljs"]...
[32mSuccessfully compiled build :dev to "resources/public/js/compiled/app.js" in 1.137 seconds.[0m
notifying browser that file changed:  resources/public/js/compiled/out/admin/components/navbar.js
Compiling build :dev to "resources/public/js/compiled/app.js" from ["src/cljs"]...
[32mSuccessfully compiled build :dev to "resources/public/js/compiled/app.js" in 1.127 seconds.[0m
notifying browser that file changed:  resources/public/js/compiled/out/admin/components/navbar.js
Compiling build :dev to "resources/public/js/compiled/app.js" from ["src/cljs"]...
[32mSuccessfully compiled build :dev to "resources/public/js/compiled/app.js" in 1.136 seconds.[0m
notifying browser that file changed:  resources/public/js/compiled/out/admin/components/navbar.js
Compiling build :dev to "resources/public/js/compiled/app.js" from ["src/cljs"]...
[36m----  Compiler Warning on   src/cljs/full_stack/admin/components/navbar.cljs   line:5  column:15  ----[0m

  [1mUse of undeclared Var admin.components.navbar/active[0m

  [36m 1[0m  [36m(ns admin.components.navbar)[0m
  [36m 2[0m  [36m[0m
  [36m 3[0m  [36m(defn menu-name[0m
  [36m 4[0m  [36m  [][0m
  [33m 5[0m  [1m  [:a {:class active} [:img {:class "image-icon" :src image}] [:span {:class "itemName"} menu-name][0m
  [0m  [0m  [33m              ^--- Use of undeclared Var admin.components.navbar/active[0m
  [36m 6[0m  [36m   [:div {:class "menu"}[0m
  [36m 7[0m  [36m    [:a {:class "item"} "Enterprise"][0m
  [36m 8[0m  [36m    [:a {:class "item"} "Consumer"]]])[0m
  [36m 9[0m  [36m[0m
  [36m10[0m  [36m(defn navbar[0m

[36m----  Compiler Warning : Please see src/cljs/full_stack/admin/components/navbar.cljs  ----[0m
[36m----  Compiler Warning on   src/cljs/full_stack/admin/components/navbar.cljs   line:5  column:55  ----[0m

  [1mUse of undeclared Var admin.components.navbar/image[0m

  [36m 1[0m  [36m(ns admin.components.navbar)[0m
  [36m 2[0m  [36m[0m
  [36m 3[0m  [36m(defn menu-name[0m
  [36m 4[0m  [36m  [][0m
  [33m 5[0m  [1m  [:a {:class active} [:img {:class "image-icon" :src image}] [:span {:class "itemName"} menu-name][0m
  [0m  [0m  [33m                                                      ^--- Use of undeclared Var admin.components.navbar/image[0m
  [36m 6[0m  [36m   [:div {:class "menu"}[0m
  [36m 7[0m  [36m    [:a {:class "item"} "Enterprise"][0m
  [36m 8[0m  [36m    [:a {:class "item"} "Consumer"]]])[0m
  [36m 9[0m  [36m[0m
  [36m10[0m  [36m(defn navbar[0m

[36m----  Compiler Warning : Please see src/cljs/full_stack/admin/components/navbar.cljs  ----[0m
[32mSuccessfully compiled build :dev to "resources/public/js/compiled/app.js" in 1.272 seconds.[0m
notifying browser that file changed:  resources/public/js/compiled/out/admin/components/navbar.js
Compiling build :dev to "resources/public/js/compiled/app.js" from ["src/cljs"]...
[32mSuccessfully compiled build :dev to "resources/public/js/compiled/app.js" in 1.162 seconds.[0m
notifying browser that file changed:  resources/public/js/compiled/out/admin/components/navbar.js
Compiling build :dev to "resources/public/js/compiled/app.js" from ["src/cljs"]...
[32mSuccessfully compiled build :dev to "resources/public/js/compiled/app.js" in 1.124 seconds.[0m
notifying browser that file changed:  resources/public/js/compiled/out/admin/components/navbar.js
Compiling build :dev to "resources/public/js/compiled/app.js" from ["src/cljs"]...
[32mSuccessfully compiled build :dev to "resources/public/js/compiled/app.js" in 1.118 seconds.[0m
notifying browser that file changed:  resources/public/js/compiled/out/admin/components/navbar.js
Compiling build :dev to "resources/public/js/compiled/app.js" from ["src/cljs"]...
[32mSuccessfully compiled build :dev to "resources/public/js/compiled/app.js" in 1.309 seconds.[0m
notifying browser that file changed:  resources/public/js/compiled/out/admin/components/navbar.js
Compiling build :dev to "resources/public/js/compiled/app.js" from ["src/cljs"]...
[32mSuccessfully compiled build :dev to "resources/public/js/compiled/app.js" in 1.193 seconds.[0m
notifying browser that file changed:  resources/public/js/compiled/out/admin/components/navbar.js
Compiling build :dev to "resources/public/js/compiled/app.js" from ["src/cljs"]...
[32mSuccessfully compiled build :dev to "resources/public/js/compiled/app.js" in 1.215 seconds.[0m
notifying browser that file changed:  resources/public/js/compiled/out/admin/components/navbar.js
Compiling build :dev to "resources/public/js/compiled/app.js" from ["src/cljs"]...
[32mSuccessfully compiled build :dev to "resources/public/js/compiled/app.js" in 1.329 seconds.[0m
notifying browser that file changed:  resources/public/js/compiled/out/admin/components/navbar.js
Compiling build :dev to "resources/public/js/compiled/app.js" from ["src/cljs"]...
[32mSuccessfully compiled build :dev to "resources/public/js/compiled/app.js" in 1.126 seconds.[0m
notifying browser that file changed:  resources/public/js/compiled/out/admin/components/navbar.js
Compiling build :dev to "resources/public/js/compiled/app.js" from ["src/cljs"]...
[32mSuccessfully compiled build :dev to "resources/public/js/compiled/app.js" in 1.143 seconds.[0m
notifying browser that file changed:  resources/public/js/compiled/out/admin/components/navbar.js
Compiling build :dev to "resources/public/js/compiled/app.js" from ["src/cljs"]...
[32mSuccessfully compiled build :dev to "resources/public/js/compiled/app.js" in 1.126 seconds.[0m
notifying browser that file changed:  resources/public/js/compiled/out/admin/components/navbar.js
Compiling build :dev to "resources/public/js/compiled/app.js" from ["src/cljs"]...
[32mSuccessfully compiled build :dev to "resources/public/js/compiled/app.js" in 1.176 seconds.[0m
notifying browser that file changed:  resources/public/js/compiled/out/admin/components/navbar.js
Compiling build :dev to "resources/public/js/compiled/app.js" from ["src/cljs"]...
[32mSuccessfully compiled build :dev to "resources/public/js/compiled/app.js" in 1.178 seconds.[0m
notifying browser that file changed:  resources/public/js/compiled/out/admin/components/navbar.js
Compiling build :dev to "resources/public/js/compiled/app.js" from ["src/cljs"]...
[32mSuccessfully compiled build :dev to "resources/public/js/compiled/app.js" in 1.3 seconds.[0m
notifying browser that file changed:  resources/public/js/compiled/out/admin/components/navbar.js
Compiling build :dev to "resources/public/js/compiled/app.js" from ["src/cljs"]...
[32mSuccessfully compiled build :dev to "resources/public/js/compiled/app.js" in 1.177 seconds.[0m
notifying browser that file changed:  resources/public/js/compiled/out/admin/components/navbar.js
Compiling build :dev to "resources/public/js/compiled/app.js" from ["src/cljs"]...
[32mSuccessfully compiled build :dev to "resources/public/js/compiled/app.js" in 1.128 seconds.[0m
notifying browser that file changed:  resources/public/js/compiled/out/admin/components/navbar.js
Compiling build :dev to "resources/public/js/compiled/app.js" from ["src/cljs"]...
[32mSuccessfully compiled build :dev to "resources/public/js/compiled/app.js" in 1.216 seconds.[0m
notifying browser that file changed:  resources/public/js/compiled/out/admin/components/navbar.js
Compiling build :dev to "resources/public/js/compiled/app.js" from ["src/cljs"]...
[32mSuccessfully compiled build :dev to "resources/public/js/compiled/app.js" in 1.218 seconds.[0m
notifying browser that file changed:  resources/public/js/compiled/out/admin/components/navbar.js
Compiling build :dev to "resources/public/js/compiled/app.js" from ["src/cljs"]...
[32mSuccessfully compiled build :dev to "resources/public/js/compiled/app.js" in 1.289 seconds.[0m
notifying browser that file changed:  resources/public/js/compiled/out/admin/components/navbar.js
Compiling build :dev to "resources/public/js/compiled/app.js" from ["src/cljs"]...
[32mSuccessfully compiled build :dev to "resources/public/js/compiled/app.js" in 1.188 seconds.[0m
notifying browser that file changed:  resources/public/js/compiled/out/admin/components/navbar.js
Compiling build :dev to "resources/public/js/compiled/app.js" from ["src/cljs"]...
[32mSuccessfully compiled build :dev to "resources/public/js/compiled/app.js" in 1.133 seconds.[0m
notifying browser that file changed:  resources/public/js/compiled/out/admin/components/navbar.js
Compiling build :dev to "resources/public/js/compiled/app.js" from ["src/cljs"]...
[32mSuccessfully compiled build :dev to "resources/public/js/compiled/app.js" in 1.343 seconds.[0m
notifying browser that file changed:  resources/public/js/compiled/out/admin/components/navbar.js
Compiling build :dev to "resources/public/js/compiled/app.js" from ["src/cljs"]...
[32mSuccessfully compiled build :dev to "resources/public/js/compiled/app.js" in 1.301 seconds.[0m
notifying browser that file changed:  resources/public/js/compiled/out/admin/components/navbar.js
Compiling build :dev to "resources/public/js/compiled/app.js" from ["src/cljs"]...
[32mSuccessfully compiled build :dev to "resources/public/js/compiled/app.js" in 1.378 seconds.[0m
notifying browser that file changed:  resources/public/js/compiled/out/admin/components/navbar.js
